{"logTime": "1026/130500", "correlationVector":"ShK00ZdCtXWPmuLdP4X1a0.0","action":"FeedSettingFetch_homeCloud", "result":"0", "context":{}}
{"logTime": "1026/130500", "correlationVector":"ShK00ZdCtXWPmuLdP4X1a0.0","action":"SyncServerConnectionManagerRequest", "result":"SYNC_SERVER_OK", "context":{"environment":"", "migrationStage":"", "server":""}}
{"logTime": "1026/130500", "correlationVector":"sF1YCRPD+GENLArCec2ZEY.1","action":"SyncServerConnectionManagerRequest", "result":"SYNC_SERVER_OK", "context":{"environment":"Prod_SoutheastAsia_000j", "migrationStage":"NotStarted", "server":"GENERAL01000006"}}
{"logTime": "1026/130500", "correlationVector":"sF1YCRPD+GENLArCec2ZEY","action":"Initial GetUpdates", "result":"", "context":Reason: NEW_CLIENT. cV=sF1YCRPD+GENLArCec2ZEY}
{"logTime": "1026/130500", "correlationVector":"sF1YCRPD+GENLArCec2ZEY.2","action":"GetUpdates Response", "result":"SYNCER_OK", "context":Received 1 update(s). cV=sF1YCRPD+GENLArCec2ZEY.0;server=GENERAL01000006;cloudType=Consumer;environment=Prod_SoutheastAsia_000j;migrationStage=NotStarted}
{"logTime": "1026/130500", "correlationVector":"TUG9ectl1e7ZAPzBA9MCCi","action":"Initial GetUpdates", "result":"", "context":Reason: NEW_CLIENT. cV=TUG9ectl1e7ZAPzBA9MCCi}
{"logTime": "1026/130500", "correlationVector":"TUG9ectl1e7ZAPzBA9MCCi.1","action":"SyncServerConnectionManagerRequest", "result":"SYNC_SERVER_OK", "context":{"environment":"Prod_SoutheastAsia_000j", "migrationStage":"NotStarted", "server":"GENERAL0100000N"}}
{"logTime": "1026/130500", "correlationVector":"TUG9ectl1e7ZAPzBA9MCCi.2","action":"GetUpdates Response", "result":"SYNCER_OK", "context":Received 46 update(s). cV=TUG9ectl1e7ZAPzBA9MCCi.0;server=GENERAL0100000N;cloudType=Consumer;environment=Prod_SoutheastAsia_000j;migrationStage=NotStarted}
{"logTime": "1026/130500", "correlationVector":"UC/dVgCKoGfwb18vpSUH/k","action":"Normal GetUpdate request", "result":"", "context":cV=UC/dVgCKoGfwb18vpSUH/k
Nudged types: Device Info, User Consents
Refresh requested types: Device Info, User Consents, Send Tab To Self, Encryption Keys}
{"logTime": "1026/130500", "correlationVector":"UC/dVgCKoGfwb18vpSUH/k.1","action":"SyncServerConnectionManagerRequest", "result":"SYNC_SERVER_OK", "context":{"environment":"Prod_SoutheastAsia_000j", "migrationStage":"NotStarted", "server":"GENERAL0100000X"}}
{"logTime": "1026/130500", "correlationVector":"UC/dVgCKoGfwb18vpSUH/k.2","action":"GetUpdates Response", "result":"SYNCER_OK", "context":Received 0 update(s). cV=UC/dVgCKoGfwb18vpSUH/k.0;server=GENERAL0100000X;cloudType=Consumer;environment=Prod_SoutheastAsia_000j;migrationStage=NotStarted}
{"logTime": "1026/130501", "correlationVector":"eazleYVgfhKuQjSEkVoDCx","action":"Commit Request", "result":"", "context":Item count: 1
Contributing types: Device Info}
{"logTime": "1026/130502", "correlationVector":"eazleYVgfhKuQjSEkVoDCx.1","action":"SyncServerConnectionManagerRequest", "result":"SYNC_SERVER_OK", "context":{"environment":"Prod_SoutheastAsia_000j", "migrationStage":"NotStarted", "server":"GENERAL0100000V"}}
{"logTime": "1026/130502", "correlationVector":"eazleYVgfhKuQjSEkVoDCx.2","action":"Commit Response", "result":"SYNCER_OK", "context":Result: SYNCER_OK. cV=eazleYVgfhKuQjSEkVoDCx.0;server=GENERAL0100000V;cloudType=Consumer;environment=Prod_SoutheastAsia_000j;migrationStage=NotStarted}
{"logTime": "1026/130502", "correlationVector":"D+LDIGgPUk9kQ9xXXN37fU","action":"Commit Request", "result":"", "context":Item count: 2
Contributing types: User Consents}
{"logTime": "1026/130503", "correlationVector":"D+LDIGgPUk9kQ9xXXN37fU.1","action":"SyncServerConnectionManagerRequest", "result":"SYNC_SERVER_OK", "context":{"environment":"Prod_SoutheastAsia_000j", "migrationStage":"NotStarted", "server":"GENERAL0100001D"}}
{"logTime": "1026/130503", "correlationVector":"D+LDIGgPUk9kQ9xXXN37fU.2","action":"Commit Response", "result":"SYNCER_OK", "context":Result: SYNCER_OK. cV=D+LDIGgPUk9kQ9xXXN37fU.0;server=GENERAL0100001D;cloudType=Consumer;environment=Prod_SoutheastAsia_000j;migrationStage=NotStarted}
{"logTime": "1026/130503", "correlationVector":"7B1SdRNvQgWYtgT6CskBuD","action":"Normal GetUpdate request", "result":"", "context":cV=7B1SdRNvQgWYtgT6CskBuD
Nudged types: Device Info}
{"logTime": "1026/130503", "correlationVector":"7B1SdRNvQgWYtgT6CskBuD.1","action":"SyncServerConnectionManagerRequest", "result":"SYNC_SERVER_OK", "context":{"environment":"Prod_SoutheastAsia_000j", "migrationStage":"NotStarted", "server":"GENERAL0100000L"}}
{"logTime": "1026/130503", "correlationVector":"7B1SdRNvQgWYtgT6CskBuD.2","action":"GetUpdates Response", "result":"SYNCER_OK", "context":Received 1 update(s). cV=7B1SdRNvQgWYtgT6CskBuD.0;server=GENERAL0100000L;cloudType=Consumer;environment=Prod_SoutheastAsia_000j;migrationStage=NotStarted}
{"logTime": "1026/171910", "correlationVector":"r8FzlG20ZSi+P99zVercxs.0","action":"FeedSettingFetch_homeCloud", "result":"0", "context":{}}
{"logTime": "1026/171910", "correlationVector":"8BZaQGlcDpmo/PGJ8TWtAY.1","action":"SyncServerConnectionManagerRequest", "result":"SYNC_SERVER_OK", "context":{"environment":"Prod_SoutheastAsia_000j", "migrationStage":"NotStarted", "server":"GENERAL0100000A"}}
{"logTime": "1026/171910", "correlationVector":"8BZaQGlcDpmo/PGJ8TWtAY","action":"Initial GetUpdates", "result":"", "context":Reason: NEW_CLIENT. cV=8BZaQGlcDpmo/PGJ8TWtAY}
{"logTime": "1026/171910", "correlationVector":"8BZaQGlcDpmo/PGJ8TWtAY.2","action":"GetUpdates Response", "result":"SYNCER_OK", "context":Received 1 update(s). cV=8BZaQGlcDpmo/PGJ8TWtAY.0;server=GENERAL0100000A;cloudType=Consumer;environment=Prod_SoutheastAsia_000j;migrationStage=NotStarted}
{"logTime": "1026/171910", "correlationVector":"mUAGV265TcShgmDVzOLcg7","action":"Normal GetUpdate request", "result":"", "context":cV=mUAGV265TcShgmDVzOLcg7
Nudged types: User Consents
Refresh requested types: Device Info, User Consents, Send Tab To Self, Encryption Keys}
{"logTime": "1026/171910", "correlationVector":"mUAGV265TcShgmDVzOLcg7.1","action":"SyncServerConnectionManagerRequest", "result":"SYNC_SERVER_OK", "context":{"environment":"Prod_SoutheastAsia_000j", "migrationStage":"NotStarted", "server":"GENERAL0100000I"}}
{"logTime": "1026/171910", "correlationVector":"mUAGV265TcShgmDVzOLcg7.2","action":"GetUpdates Response", "result":"SYNCER_OK", "context":Received 0 update(s). cV=mUAGV265TcShgmDVzOLcg7.0;server=GENERAL0100000I;cloudType=Consumer;environment=Prod_SoutheastAsia_000j;migrationStage=NotStarted}
{"logTime": "1026/171910", "correlationVector":"JZX8/I5oMuPcmrAW6/r6st","action":"Commit Request", "result":"", "context":Item count: 1
Contributing types: User Consents}
{"logTime": "1026/171910", "correlationVector":"JZX8/I5oMuPcmrAW6/r6st.1","action":"SyncServerConnectionManagerRequest", "result":"SYNC_SERVER_OK", "context":{"environment":"Prod_SoutheastAsia_000j", "migrationStage":"NotStarted", "server":"GENERAL0100000D"}}
{"logTime": "1026/171910", "correlationVector":"JZX8/I5oMuPcmrAW6/r6st.2","action":"Commit Response", "result":"SYNCER_OK", "context":Result: SYNCER_OK. cV=JZX8/I5oMuPcmrAW6/r6st.0;server=GENERAL0100000D;cloudType=Consumer;environment=Prod_SoutheastAsia_000j;migrationStage=NotStarted}
{"logTime": "1026/171912", "correlationVector":"o5DsCaa23o+2d1ESUzGbtZ","action":"SyncServerConnectionManagerRequest", "result":"SYNC_SERVER_OK", "context":{"environment":"", "migrationStage":"", "server":""}}
{"logTime": "1026/171912", "correlationVector":"/uB1dHACbWg0C+mSBtCEWX","action":"Initial GetUpdates", "result":"", "context":Reason: RECONFIGURATION. cV=/uB1dHACbWg0C+mSBtCEWX}
{"logTime": "1026/171913", "correlationVector":"/uB1dHACbWg0C+mSBtCEWX.1","action":"SyncServerConnectionManagerRequest", "result":"SYNC_SERVER_OK", "context":{"environment":"Prod_SoutheastAsia_000j", "migrationStage":"NotStarted", "server":"GENERAL0100000Y"}}
{"logTime": "1026/171913", "correlationVector":"/uB1dHACbWg0C+mSBtCEWX.2","action":"GetUpdates", "result":"DeleteReceived", "context":{"id":"9243ff54-d068-4608-aba0-7771c13f1851", "isDeleted:":"true", "version":"1693759305902"}}
{"logTime": "1026/171913", "correlationVector":"/uB1dHACbWg0C+mSBtCEWX.3","action":"GetUpdates Response", "result":"SYNCER_OK", "context":Received 83 update(s). cV=/uB1dHACbWg0C+mSBtCEWX.0;server=GENERAL0100000Y;cloudType=Consumer;environment=Prod_SoutheastAsia_000j;migrationStage=NotStarted}
{"logTime": "1026/171913", "correlationVector":"Igr3nhK6nf+Wl/soRhq1QZ","action":"Initial GetUpdates", "result":"", "context":Reason: NEWLY_SUPPORTED_DATATYPE. cV=Igr3nhK6nf+Wl/soRhq1QZ}
{"logTime": "1026/171913", "correlationVector":"Igr3nhK6nf+Wl/soRhq1QZ.1","action":"SyncServerConnectionManagerRequest", "result":"SYNC_SERVER_OK", "context":{"environment":"Prod_SoutheastAsia_000j", "migrationStage":"NotStarted", "server":"GENERAL0100001D"}}
{"logTime": "1026/171913", "correlationVector":"Igr3nhK6nf+Wl/soRhq1QZ.2","action":"GetUpdates Response", "result":"SYNCER_OK", "context":Received 20 update(s). cV=Igr3nhK6nf+Wl/soRhq1QZ.0;server=GENERAL0100001D;cloudType=Consumer;environment=Prod_SoutheastAsia_000j;migrationStage=NotStarted}
{"logTime": "1026/171913", "correlationVector":"Jca79X1VjcvMTUAxLOKRke","action":"Initial GetUpdates", "result":"", "context":Reason: NEWLY_SUPPORTED_DATATYPE. cV=Jca79X1VjcvMTUAxLOKRke}
{"logTime": "1026/171914", "correlationVector":"Jca79X1VjcvMTUAxLOKRke.1","action":"SyncServerConnectionManagerRequest", "result":"SYNC_SERVER_OK", "context":{"environment":"Prod_SoutheastAsia_000j", "migrationStage":"NotStarted", "server":"GENERAL0100000C"}}
{"logTime": "1026/171914", "correlationVector":"Jca79X1VjcvMTUAxLOKRke.2","action":"GetUpdates", "result":"DeleteReceived", "context":{"id":"c1ee35fb-7884-47a5-ae5b-298900634495", "isDeleted:":"true", "version":"1690579013193"}}
{"logTime": "1026/171914", "correlationVector":"Jca79X1VjcvMTUAxLOKRke.3","action":"GetUpdates", "result":"DeleteReceived", "context":{"id":"1e5c12b5-9fc9-4c05-b98f-1de7622b3dfa", "isDeleted:":"true", "version":"1690579013194"}}
{"logTime": "1026/171914", "correlationVector":"Jca79X1VjcvMTUAxLOKRke.4","action":"GetUpdates", "result":"DeleteReceived", "context":{"id":"955056a4-48f7-4845-b4a9-224806e522f6", "isDeleted:":"true", "version":"1691652038550"}}
{"logTime": "1026/171914", "correlationVector":"Jca79X1VjcvMTUAxLOKRke.5","action":"GetUpdates", "result":"DeleteReceived", "context":{"id":"54480821-9f47-462e-9160-59f8599ed014", "isDeleted:":"true", "version":"1691652038551"}}
{"logTime": "1026/171914", "correlationVector":"Jca79X1VjcvMTUAxLOKRke.6","action":"GetUpdates", "result":"DeleteReceived", "context":{"id":"4518dadf-6e7f-4687-bc9a-5203c1753581", "isDeleted:":"true", "version":"1691832693999"}}
{"logTime": "1026/171914", "correlationVector":"Jca79X1VjcvMTUAxLOKRke.7","action":"GetUpdates", "result":"DeleteReceived", "context":{"id":"aaf997ae-8dc6-43fb-8f92-7cc5069c3563", "isDeleted:":"true", "version":"1692204028199"}}
{"logTime": "1026/171914", "correlationVector":"Jca79X1VjcvMTUAxLOKRke.8","action":"GetUpdates", "result":"DeleteReceived", "context":{"id":"983909a2-165f-4066-a6cc-c487e99aa81f", "isDeleted:":"true", "version":"1692344808463"}}
{"logTime": "1026/171914", "correlationVector":"Jca79X1VjcvMTUAxLOKRke.9","action":"GetUpdates", "result":"DeleteReceived", "context":{"id":"04550831-0b76-4517-a839-f9d99d79c050", "isDeleted:":"true", "version":"1693625081408"}}
{"logTime": "1026/171914", "correlationVector":"Jca79X1VjcvMTUAxLOKRke.10","action":"GetUpdates", "result":"DeleteReceived", "context":{"id":"f6822694-f098-4869-9683-b2d0ed45c531", "isDeleted:":"true", "version":"1693625081409"}}
{"logTime": "1026/171914", "correlationVector":"Jca79X1VjcvMTUAxLOKRke.11","action":"GetUpdates", "result":"DeleteReceived", "context":{"id":"4236494e-85cc-4677-9d9f-bdbdee079077", "isDeleted:":"true", "version":"1693625081410"}}
{"logTime": "1026/171914", "correlationVector":"Jca79X1VjcvMTUAxLOKRke.12","action":"GetUpdates", "result":"DeleteReceived", "context":{"id":"5d6eeb2e-5ad8-4fa5-b63f-878dcd9d93e2", "isDeleted:":"true", "version":"1693628010647"}}
{"logTime": "1026/171914", "correlationVector":"Jca79X1VjcvMTUAxLOKRke.13","action":"GetUpdates", "result":"DeleteReceived", "context":{"id":"95eca340-e967-4cfe-a43d-b2cb6ea9115b", "isDeleted:":"true", "version":"1693628010648"}}
{"logTime": "1026/171914", "correlationVector":"Jca79X1VjcvMTUAxLOKRke.14","action":"GetUpdates", "result":"DeleteReceived", "context":{"id":"508498ad-1237-4c72-8aaf-b1479ada482c", "isDeleted:":"true", "version":"1693628010650"}}
{"logTime": "1026/171914", "correlationVector":"Jca79X1VjcvMTUAxLOKRke.15","action":"GetUpdates", "result":"DeleteReceived", "context":{"id":"6f1b64b0-68b7-4026-833c-f1ff38cee584", "isDeleted:":"true", "version":"1693628010651"}}
{"logTime": "1026/171914", "correlationVector":"Jca79X1VjcvMTUAxLOKRke.16","action":"GetUpdates", "result":"DeleteReceived", "context":{"id":"5cd0b02c-cacd-4f42-9796-f2d3e5f95808", "isDeleted:":"true", "version":"1693628042221"}}
{"logTime": "1026/171914", "correlationVector":"Jca79X1VjcvMTUAxLOKRke.17","action":"GetUpdates", "result":"DeleteReceived", "context":{"id":"5fa0b0bc-b313-4916-82dd-e45985ad44d5", "isDeleted:":"true", "version":"1693628233633"}}
{"logTime": "1026/171914", "correlationVector":"Jca79X1VjcvMTUAxLOKRke.18","action":"GetUpdates", "result":"DeleteReceived", "context":{"id":"87b4d7b7-54d7-45a9-803f-457b803e4721", "isDeleted:":"true", "version":"1693628368921"}}
{"logTime": "1026/171914", "correlationVector":"Jca79X1VjcvMTUAxLOKRke.19","action":"GetUpdates", "result":"DeleteReceived", "context":{"id":"31c7e946-56ac-4e90-a80d-56f751023e45", "isDeleted:":"true", "version":"1693629175003"}}
{"logTime": "1026/171914", "correlationVector":"Jca79X1VjcvMTUAxLOKRke.20","action":"GetUpdates", "result":"DeleteReceived", "context":{"id":"c27cc8e3-d604-4c50-9ef2-3024152c23f7", "isDeleted:":"true", "version":"1693629203504"}}
{"logTime": "1026/171914", "correlationVector":"Jca79X1VjcvMTUAxLOKRke.21","action":"GetUpdates", "result":"DeleteReceived", "context":{"id":"db2ec74c-37c3-439a-837d-d91c8354f00e", "isDeleted:":"true", "version":"1693629203506"}}
{"logTime": "1026/171914", "correlationVector":"Jca79X1VjcvMTUAxLOKRke.22","action":"GetUpdates", "result":"DeleteReceived", "context":{"id":"ca8b536e-5ae7-4cec-aabf-8cbd19bf4dea", "isDeleted:":"true", "version":"1693630162555"}}
{"logTime": "1026/171914", "correlationVector":"Jca79X1VjcvMTUAxLOKRke.23","action":"GetUpdates", "result":"DeleteReceived", "context":{"id":"f4e2c5d6-9aef-4aab-8aa7-2c5746dc001f", "isDeleted:":"true", "version":"1693630162556"}}
{"logTime": "1026/171914", "correlationVector":"Jca79X1VjcvMTUAxLOKRke.24","action":"GetUpdates", "result":"DeleteReceived", "context":{"id":"13c7ade9-0898-48d7-a5de-40de5967072b", "isDeleted:":"true", "version":"1693632821169"}}
{"logTime": "1026/171914", "correlationVector":"Jca79X1VjcvMTUAxLOKRke.25","action":"GetUpdates", "result":"DeleteReceived", "context":{"id":"10e20464-476d-4b74-a662-ce340d991dd0", "isDeleted:":"true", "version":"1693632821170"}}
{"logTime": "1026/171914", "correlationVector":"Jca79X1VjcvMTUAxLOKRke.26","action":"GetUpdates", "result":"DeleteReceived", "context":{"id":"cf03e100-6fe3-433a-b563-d531f0823b13", "isDeleted:":"true", "version":"1693632821171"}}
{"logTime": "1026/171914", "correlationVector":"Jca79X1VjcvMTUAxLOKRke.27","action":"GetUpdates", "result":"DeleteReceived", "context":{"id":"4c5aad72-4e58-419c-a144-b73e37ce922d", "isDeleted:":"true", "version":"1693633113045"}}
{"logTime": "1026/171914", "correlationVector":"Jca79X1VjcvMTUAxLOKRke.28","action":"GetUpdates", "result":"DeleteReceived", "context":{"id":"3900f937-8b8c-46e2-884d-4991cf3830c0", "isDeleted:":"true", "version":"1693633800383"}}
{"logTime": "1026/171914", "correlationVector":"Jca79X1VjcvMTUAxLOKRke.29","action":"GetUpdates", "result":"DeleteReceived", "context":{"id":"1eed3155-5b05-4510-aa1e-19de86d7470d", "isDeleted:":"true", "version":"1693633800384"}}
{"logTime": "1026/171914", "correlationVector":"Jca79X1VjcvMTUAxLOKRke.30","action":"GetUpdates", "result":"DeleteReceived", "context":{"id":"82a9f4e2-3479-407f-8f1d-fae6d6332cdb", "isDeleted:":"true", "version":"1693633800386"}}
{"logTime": "1026/171914", "correlationVector":"Jca79X1VjcvMTUAxLOKRke.31","action":"GetUpdates", "result":"DeleteReceived", "context":{"id":"c90e8410-87fe-41fe-97a4-1f5138fb6c78", "isDeleted:":"true", "version":"1693633800387"}}
{"logTime": "1026/171914", "correlationVector":"Jca79X1VjcvMTUAxLOKRke.32","action":"GetUpdates", "result":"DeleteReceived", "context":{"id":"37cf1182-2d0f-463f-a13e-1238e5393c01", "isDeleted:":"true", "version":"1693633833695"}}
{"logTime": "1026/171914", "correlationVector":"Jca79X1VjcvMTUAxLOKRke.33","action":"GetUpdates", "result":"DeleteReceived", "context":{"id":"3d9c1dee-9b26-4ba5-8c9e-29d6bb829f27", "isDeleted:":"true", "version":"1693643463794"}}
{"logTime": "1026/171914", "correlationVector":"Jca79X1VjcvMTUAxLOKRke.34","action":"GetUpdates", "result":"DeleteReceived", "context":{"id":"e0e9c4fa-372f-4a06-9b28-e2ab2edd4dec", "isDeleted:":"true", "version":"1693643463796"}}
{"logTime": "1026/171914", "correlationVector":"Jca79X1VjcvMTUAxLOKRke.35","action":"GetUpdates", "result":"DeleteReceived", "context":{"id":"138461a4-21d1-4fbc-b84c-18bbb6ed937b", "isDeleted:":"true", "version":"1693643496035"}}
{"logTime": "1026/171914", "correlationVector":"Jca79X1VjcvMTUAxLOKRke.36","action":"GetUpdates", "result":"DeleteReceived", "context":{"id":"b97e11aa-6d8b-4b68-9ab8-8aa4e75706ec", "isDeleted:":"true", "version":"1693645582696"}}
{"logTime": "1026/171914", "correlationVector":"Jca79X1VjcvMTUAxLOKRke.37","action":"GetUpdates", "result":"DeleteReceived", "context":{"id":"c8b65021-28e5-4475-9d68-d86172999353", "isDeleted:":"true", "version":"1693645582699"}}
{"logTime": "1026/171914", "correlationVector":"Jca79X1VjcvMTUAxLOKRke.38","action":"GetUpdates", "result":"DeleteReceived", "context":{"id":"1cd19864-af99-4d9d-9cf7-2e39db0b2160", "isDeleted:":"true", "version":"1693656437860"}}
{"logTime": "1026/171914", "correlationVector":"Jca79X1VjcvMTUAxLOKRke.39","action":"GetUpdates", "result":"DeleteReceived", "context":{"id":"1839a82b-3984-480a-9730-c082e48a5941", "isDeleted:":"true", "version":"1693656437862"}}
{"logTime": "1026/171914", "correlationVector":"Jca79X1VjcvMTUAxLOKRke.40","action":"GetUpdates", "result":"DeleteReceived", "context":{"id":"7043ad9d-1ff9-4e58-9973-afb7ba34f721", "isDeleted:":"true", "version":"1693656590598"}}
{"logTime": "1026/171914", "correlationVector":"Jca79X1VjcvMTUAxLOKRke.41","action":"GetUpdates", "result":"DeleteReceived", "context":{"id":"ffb480fa-cd29-4ce5-b133-a20d87b0a443", "isDeleted:":"true", "version":"1693656590599"}}
{"logTime": "1026/171914", "correlationVector":"Jca79X1VjcvMTUAxLOKRke.42","action":"GetUpdates", "result":"DeleteReceived", "context":{"id":"13aba7ff-2502-44dc-b9f7-ec30c1864871", "isDeleted:":"true", "version":"1693671025675"}}
{"logTime": "1026/171914", "correlationVector":"Jca79X1VjcvMTUAxLOKRke.43","action":"GetUpdates", "result":"DeleteReceived", "context":{"id":"23c3f270-359b-4102-bc74-76ecb43bab27", "isDeleted:":"true", "version":"1693671025676"}}
{"logTime": "1026/171914", "correlationVector":"Jca79X1VjcvMTUAxLOKRke.44","action":"GetUpdates", "result":"DeleteReceived", "context":{"id":"d0dcc5d9-93cc-4b78-972e-bb30b7ccd2fa", "isDeleted:":"true", "version":"1693671025677"}}
{"logTime": "1026/171914", "correlationVector":"Jca79X1VjcvMTUAxLOKRke.45","action":"GetUpdates", "result":"DeleteReceived", "context":{"id":"b5dcd599-04f3-4e00-b85f-4ee84b314f9e", "isDeleted:":"true", "version":"1693671675580"}}
{"logTime": "1026/171914", "correlationVector":"Jca79X1VjcvMTUAxLOKRke.46","action":"GetUpdates", "result":"DeleteReceived", "context":{"id":"afb25f02-ae26-4234-8e06-1e5d94d3d02c", "isDeleted:":"true", "version":"1693671675583"}}
{"logTime": "1026/171914", "correlationVector":"Jca79X1VjcvMTUAxLOKRke.47","action":"GetUpdates", "result":"DeleteReceived", "context":{"id":"47bef73c-7adf-4500-b3bd-ed9e95641d0b", "isDeleted:":"true", "version":"1693671675584"}}
{"logTime": "1026/171914", "correlationVector":"Jca79X1VjcvMTUAxLOKRke.48","action":"GetUpdates", "result":"DeleteReceived", "context":{"id":"1b3fddbf-d0b6-4afa-a81e-43dcf105cfe2", "isDeleted:":"true", "version":"1693671675585"}}
{"logTime": "1026/171914", "correlationVector":"Jca79X1VjcvMTUAxLOKRke.49","action":"GetUpdates", "result":"DeleteReceived", "context":{"id":"15b2ab7b-6e9e-4836-9225-be856b2b3697", "isDeleted:":"true", "version":"1693674298687"}}
{"logTime": "1026/171914", "correlationVector":"Jca79X1VjcvMTUAxLOKRke.50","action":"GetUpdates", "result":"DeleteReceived", "context":{"id":"e265e7a7-6e26-451f-8c9a-2e304d51ec9d", "isDeleted:":"true", "version":"1693719060308"}}
{"logTime": "1026/171914", "correlationVector":"Jca79X1VjcvMTUAxLOKRke.51","action":"GetUpdates", "result":"DeleteReceived", "context":{"id":"4f2565ad-a612-45ba-9cb1-d0bb3abcd0d7", "isDeleted:":"true", "version":"1693758547857"}}
{"logTime": "1026/171914", "correlationVector":"Jca79X1VjcvMTUAxLOKRke.52","action":"GetUpdates", "result":"DeleteReceived", "context":{"id":"1690ed7e-f5b5-4957-a0eb-905f862be539", "isDeleted:":"true", "version":"1693758547858"}}
{"logTime": "1026/171914", "correlationVector":"Jca79X1VjcvMTUAxLOKRke.53","action":"GetUpdates", "result":"DeleteReceived", "context":{"id":"b676377b-b313-4742-b91e-f8d2df9c1b4d", "isDeleted:":"true", "version":"1693758547860"}}
{"logTime": "1026/171914", "correlationVector":"Jca79X1VjcvMTUAxLOKRke.54","action":"GetUpdates", "result":"DeleteReceived", "context":{"id":"53ae2835-6bd6-40e8-8a59-9cb6635fea12", "isDeleted:":"true", "version":"1693758547861"}}
{"logTime": "1026/171914", "correlationVector":"Jca79X1VjcvMTUAxLOKRke.55","action":"GetUpdates", "result":"DeleteReceived", "context":{"id":"fcc44d88-858f-45a7-bc26-1a808f9f6b7c", "isDeleted:":"true", "version":"1693759278899"}}
{"logTime": "1026/171914", "correlationVector":"Jca79X1VjcvMTUAxLOKRke.56","action":"GetUpdates", "result":"DeleteReceived", "context":{"id":"674a0b1c-65d8-491c-aa3a-b48dd2e138bd", "isDeleted:":"true", "version":"1693759278900"}}
{"logTime": "1026/171914", "correlationVector":"Jca79X1VjcvMTUAxLOKRke.57","action":"GetUpdates", "result":"DeleteReceived", "context":{"id":"9ed11469-c418-4a95-b34e-6b0d17f5e018", "isDeleted:":"true", "version":"1693830651901"}}
{"logTime": "1026/171914", "correlationVector":"Jca79X1VjcvMTUAxLOKRke.58","action":"GetUpdates", "result":"DeleteReceived", "context":{"id":"d4c952de-3f6c-4f76-899a-f7ea5caffe91", "isDeleted:":"true", "version":"1693830651903"}}
{"logTime": "1026/171914", "correlationVector":"Jca79X1VjcvMTUAxLOKRke.59","action":"GetUpdates", "result":"DeleteReceived", "context":{"id":"c500ced8-3636-4646-90b6-b8378bd3bce9", "isDeleted:":"true", "version":"1693831043774"}}
{"logTime": "1026/171914", "correlationVector":"Jca79X1VjcvMTUAxLOKRke.60","action":"GetUpdates", "result":"DeleteReceived", "context":{"id":"e3789a53-d3d1-4b4e-b720-d7fd54aaf922", "isDeleted:":"true", "version":"1694190930040"}}
{"logTime": "1026/171914", "correlationVector":"Jca79X1VjcvMTUAxLOKRke.61","action":"GetUpdates", "result":"DeleteReceived", "context":{"id":"e51585df-087a-44bd-8a9c-cf9fc551b8d7", "isDeleted:":"true", "version":"1694194255575"}}
{"logTime": "1026/171914", "correlationVector":"Jca79X1VjcvMTUAxLOKRke.62","action":"GetUpdates", "result":"DeleteReceived", "context":{"id":"25400f73-e54c-4157-956e-2c456a6c2945", "isDeleted:":"true", "version":"1694194255577"}}
{"logTime": "1026/171914", "correlationVector":"Jca79X1VjcvMTUAxLOKRke.63","action":"GetUpdates", "result":"DeleteReceived", "context":{"id":"8088abd3-52f2-4b9f-a526-b0cf58b0223d", "isDeleted:":"true", "version":"1694194255578"}}
{"logTime": "1026/171914", "correlationVector":"Jca79X1VjcvMTUAxLOKRke.64","action":"GetUpdates", "result":"DeleteReceived", "context":{"id":"56caec43-197b-41dc-ab68-7a6f2db10387", "isDeleted:":"true", "version":"1694194255579"}}
{"logTime": "1026/171914", "correlationVector":"Jca79X1VjcvMTUAxLOKRke.65","action":"GetUpdates", "result":"DeleteReceived", "context":{"id":"db31287b-ec6d-4dba-8d66-57aee375af0c", "isDeleted:":"true", "version":"1694317147301"}}
{"logTime": "1026/171914", "correlationVector":"Jca79X1VjcvMTUAxLOKRke.66","action":"GetUpdates", "result":"DeleteReceived", "context":{"id":"21287448-b766-4a85-9910-6826915ad971", "isDeleted:":"true", "version":"1694317147302"}}
{"logTime": "1026/171914", "correlationVector":"Jca79X1VjcvMTUAxLOKRke.67","action":"GetUpdates", "result":"DeleteReceived", "context":{"id":"27933073-df32-4907-abb9-3b7bb4464d9a", "isDeleted:":"true", "version":"1694713843357"}}
{"logTime": "1026/171914", "correlationVector":"Jca79X1VjcvMTUAxLOKRke.68","action":"GetUpdates", "result":"DeleteReceived", "context":{"id":"df8f2c2c-f904-46a6-a468-1bf306bbc0f2", "isDeleted:":"true", "version":"1697382539848"}}
{"logTime": "1026/171914", "correlationVector":"Jca79X1VjcvMTUAxLOKRke.69","action":"GetUpdates", "result":"DeleteReceived", "context":{"id":"e0afe6b8-ec54-4af2-9197-ec231f176cb3", "isDeleted:":"true", "version":"1697382539849"}}
{"logTime": "1026/171914", "correlationVector":"Jca79X1VjcvMTUAxLOKRke.70","action":"GetUpdates", "result":"DeleteReceived", "context":{"id":"4535098e-c466-40b0-9e07-9676c65fb3bf", "isDeleted:":"true", "version":"1697382654885"}}
{"logTime": "1026/171914", "correlationVector":"Jca79X1VjcvMTUAxLOKRke.71","action":"GetUpdates", "result":"DeleteReceived", "context":{"id":"cbc923aa-02af-4bcd-a8bf-14253a7ccb50", "isDeleted:":"true", "version":"1697382719464"}}
{"logTime": "1026/171914", "correlationVector":"Jca79X1VjcvMTUAxLOKRke.72","action":"GetUpdates", "result":"DeleteReceived", "context":{"id":"6af9439b-b580-4b76-8fb7-f0f216bcbfa0", "isDeleted:":"true", "version":"1697382727862"}}
{"logTime": "1026/171914", "correlationVector":"Jca79X1VjcvMTUAxLOKRke.73","action":"GetUpdates", "result":"DeleteReceived", "context":{"id":"b51ce71b-7734-47fb-8a15-266935cc98ee", "isDeleted:":"true", "version":"1697382921181"}}
{"logTime": "1026/171914", "correlationVector":"Jca79X1VjcvMTUAxLOKRke.74","action":"GetUpdates", "result":"DeleteReceived", "context":{"id":"949baf89-8653-4002-a665-f8b255644a4d", "isDeleted:":"true", "version":"1697383282679"}}
{"logTime": "1026/171914", "correlationVector":"Jca79X1VjcvMTUAxLOKRke.75","action":"GetUpdates", "result":"DeleteReceived", "context":{"id":"2683ab08-cb35-42fe-bb02-0996add44296", "isDeleted:":"true", "version":"1697383282680"}}
{"logTime": "1026/171914", "correlationVector":"Jca79X1VjcvMTUAxLOKRke.76","action":"GetUpdates", "result":"DeleteReceived", "context":{"id":"f17d57a6-0dc6-4859-9a31-05566820e045", "isDeleted:":"true", "version":"1697384464135"}}
{"logTime": "1026/171914", "correlationVector":"Jca79X1VjcvMTUAxLOKRke.77","action":"GetUpdates", "result":"DeleteReceived", "context":{"id":"4b418bc5-8bb2-47fb-b5a3-68c2e23aef62", "isDeleted:":"true", "version":"1697384464139"}}
{"logTime": "1026/171914", "correlationVector":"Jca79X1VjcvMTUAxLOKRke.78","action":"GetUpdates", "result":"DeleteReceived", "context":{"id":"f6679ddb-5eba-47c5-a02c-ad42561ce240", "isDeleted:":"true", "version":"1697384499255"}}
{"logTime": "1026/171914", "correlationVector":"Jca79X1VjcvMTUAxLOKRke.79","action":"GetUpdates", "result":"DeleteReceived", "context":{"id":"f758adde-eea6-4543-9c09-eb0659be56ea", "isDeleted:":"true", "version":"1697384509065"}}
{"logTime": "1026/171914", "correlationVector":"Jca79X1VjcvMTUAxLOKRke.80","action":"GetUpdates Response", "result":"SERVER_MORE_TO_DOWNLOAD", "context":Received 250 update(s).  Some updates remain.}
{"logTime": "1026/171914", "correlationVector":"W0DZ6PfoxjdKR5q8yBg2A+","action":"Initial GetUpdates", "result":"", "context":Reason: NEWLY_SUPPORTED_DATATYPE. cV=W0DZ6PfoxjdKR5q8yBg2A+}
{"logTime": "1026/171915", "correlationVector":"W0DZ6PfoxjdKR5q8yBg2A+.1","action":"SyncServerConnectionManagerRequest", "result":"SYNC_SERVER_OK", "context":{"environment":"Prod_SoutheastAsia_000j", "migrationStage":"NotStarted", "server":"GENERAL0100000C"}}
{"logTime": "1026/171915", "correlationVector":"W0DZ6PfoxjdKR5q8yBg2A+.2","action":"GetUpdates", "result":"DeleteReceived", "context":{"id":"d8a325f3-4f4d-4da5-a599-961de4571650", "isDeleted:":"true", "version":"1697384570407"}}
{"logTime": "1026/171915", "correlationVector":"W0DZ6PfoxjdKR5q8yBg2A+.3","action":"GetUpdates", "result":"DeleteReceived", "context":{"id":"e3ac3051-64ef-4a34-b2e4-eb451b5b6ede", "isDeleted:":"true", "version":"1697384570408"}}
{"logTime": "1026/171915", "correlationVector":"W0DZ6PfoxjdKR5q8yBg2A+.4","action":"GetUpdates", "result":"DeleteReceived", "context":{"id":"b6aee894-10ed-4fbd-933f-2bcaae455fde", "isDeleted:":"true", "version":"1697470428000"}}
{"logTime": "1026/171915", "correlationVector":"W0DZ6PfoxjdKR5q8yBg2A+.5","action":"GetUpdates", "result":"DeleteReceived", "context":{"id":"8569781c-67ee-4fc4-962b-4d3e5851de82", "isDeleted:":"true", "version":"1697470428002"}}
{"logTime": "1026/171915", "correlationVector":"W0DZ6PfoxjdKR5q8yBg2A+.6","action":"GetUpdates", "result":"DeleteReceived", "context":{"id":"feb4ee8a-c37b-45c0-9ea6-38d02fff4b88", "isDeleted:":"true", "version":"1697470428003"}}
{"logTime": "1026/171915", "correlationVector":"W0DZ6PfoxjdKR5q8yBg2A+.7","action":"GetUpdates", "result":"DeleteReceived", "context":{"id":"82e86b9f-ae10-443e-bd1d-c1d3e322009b", "isDeleted:":"true", "version":"1697470428004"}}
{"logTime": "1026/171915", "correlationVector":"W0DZ6PfoxjdKR5q8yBg2A+.8","action":"GetUpdates", "result":"DeleteReceived", "context":{"id":"bb4a4dba-ae09-4104-8eb4-53308fb944e0", "isDeleted:":"true", "version":"1697476000956"}}
{"logTime": "1026/171915", "correlationVector":"W0DZ6PfoxjdKR5q8yBg2A+.9","action":"GetUpdates", "result":"DeleteReceived", "context":{"id":"ccc95516-c6bc-4722-bca9-1347c5ca5dca", "isDeleted:":"true", "version":"1697867439439"}}
{"logTime": "1026/171915", "correlationVector":"W0DZ6PfoxjdKR5q8yBg2A+.10","action":"GetUpdates", "result":"DeleteReceived", "context":{"id":"809964e6-fcd7-4bdd-a906-d51aacf3768d", "isDeleted:":"true", "version":"1697867439440"}}
{"logTime": "1026/171915", "correlationVector":"W0DZ6PfoxjdKR5q8yBg2A+.11","action":"GetUpdates", "result":"DeleteReceived", "context":{"id":"3f503e0d-7c86-4b4d-977a-683fcdecd9a2", "isDeleted:":"true", "version":"1697867576508"}}
{"logTime": "1026/171915", "correlationVector":"W0DZ6PfoxjdKR5q8yBg2A+.12","action":"GetUpdates", "result":"DeleteReceived", "context":{"id":"9cb12125-47a5-4404-88e6-aaf9f78b93c5", "isDeleted:":"true", "version":"1697867576509"}}
{"logTime": "1026/171915", "correlationVector":"W0DZ6PfoxjdKR5q8yBg2A+.13","action":"GetUpdates", "result":"DeleteReceived", "context":{"id":"be0b9554-d353-4cd1-a4bc-740b553c593b", "isDeleted:":"true", "version":"1697867576510"}}
{"logTime": "1026/171915", "correlationVector":"W0DZ6PfoxjdKR5q8yBg2A+.14","action":"GetUpdates", "result":"DeleteReceived", "context":{"id":"b809fa5a-9501-41cb-8503-c0d5b463f5bf", "isDeleted:":"true", "version":"1697867576511"}}
{"logTime": "1026/171915", "correlationVector":"W0DZ6PfoxjdKR5q8yBg2A+.15","action":"GetUpdates", "result":"DeleteReceived", "context":{"id":"480af209-380b-4b94-b69b-2a76faf345f2", "isDeleted:":"true", "version":"1697867576512"}}
{"logTime": "1026/171915", "correlationVector":"W0DZ6PfoxjdKR5q8yBg2A+.16","action":"GetUpdates", "result":"DeleteReceived", "context":{"id":"be06c809-3fff-47a4-bc90-8606bf33364e", "isDeleted:":"true", "version":"1697867576513"}}
{"logTime": "1026/171915", "correlationVector":"W0DZ6PfoxjdKR5q8yBg2A+.17","action":"GetUpdates", "result":"DeleteReceived", "context":{"id":"2cfd25c4-309a-44a8-a9fd-4b2df24681ac", "isDeleted:":"true", "version":"1697968854940"}}
{"logTime": "1026/171915", "correlationVector":"W0DZ6PfoxjdKR5q8yBg2A+.18","action":"GetUpdates", "result":"DeleteReceived", "context":{"id":"fd72c635-12d9-4d01-a996-4d287a941cf7", "isDeleted:":"true", "version":"1697968854941"}}
{"logTime": "1026/171915", "correlationVector":"W0DZ6PfoxjdKR5q8yBg2A+.19","action":"GetUpdates", "result":"DeleteReceived", "context":{"id":"77c0847c-7a73-490f-bbd5-5bbd41dc770d", "isDeleted:":"true", "version":"1697969817910"}}
{"logTime": "1026/171915", "correlationVector":"W0DZ6PfoxjdKR5q8yBg2A+.20","action":"GetUpdates", "result":"DeleteReceived", "context":{"id":"56a63cc0-e65d-4c31-98bc-ef0f814b57d6", "isDeleted:":"true", "version":"1697969817912"}}
{"logTime": "1026/171915", "correlationVector":"W0DZ6PfoxjdKR5q8yBg2A+.21","action":"GetUpdates", "result":"DeleteReceived", "context":{"id":"50491a51-c3c9-4aa2-a286-948b5ea5cae4", "isDeleted:":"true", "version":"1697969817913"}}
{"logTime": "1026/171915", "correlationVector":"W0DZ6PfoxjdKR5q8yBg2A+.22","action":"GetUpdates", "result":"DeleteReceived", "context":{"id":"fb2ea8e5-fcb6-4662-a253-d65a515f0ea6", "isDeleted:":"true", "version":"1697969817914"}}
{"logTime": "1026/171915", "correlationVector":"W0DZ6PfoxjdKR5q8yBg2A+.23","action":"GetUpdates", "result":"DeleteReceived", "context":{"id":"817faceb-ee8a-4b8e-97b7-a9f5191ae535", "isDeleted:":"true", "version":"1697969817915"}}
{"logTime": "1026/171915", "correlationVector":"W0DZ6PfoxjdKR5q8yBg2A+.24","action":"GetUpdates", "result":"DeleteReceived", "context":{"id":"0867123e-8a6b-4fe9-ba22-678c375003ad", "isDeleted:":"true", "version":"1697969817916"}}
{"logTime": "1026/171915", "correlationVector":"W0DZ6PfoxjdKR5q8yBg2A+.25","action":"GetUpdates", "result":"DeleteReceived", "context":{"id":"4c9b12c9-0abf-474f-a6b3-bf43dc911b7f", "isDeleted:":"true", "version":"1697969817917"}}
{"logTime": "1026/171915", "correlationVector":"W0DZ6PfoxjdKR5q8yBg2A+.26","action":"GetUpdates", "result":"DeleteReceived", "context":{"id":"2d6bf646-5d79-40e3-8842-6363d8803d01", "isDeleted:":"true", "version":"1698141591339"}}
{"logTime": "1026/171915", "correlationVector":"W0DZ6PfoxjdKR5q8yBg2A+.27","action":"GetUpdates", "result":"DeleteReceived", "context":{"id":"46144583-dff0-43c1-b4f9-9c9e782623c1", "isDeleted:":"true", "version":"1698141591341"}}
{"logTime": "1026/171915", "correlationVector":"W0DZ6PfoxjdKR5q8yBg2A+.28","action":"GetUpdates", "result":"DeleteReceived", "context":{"id":"cd2a466c-d6a0-4e83-b9f3-968e3ef78017", "isDeleted:":"true", "version":"1698141591342"}}
{"logTime": "1026/171915", "correlationVector":"W0DZ6PfoxjdKR5q8yBg2A+.29","action":"GetUpdates", "result":"DeleteReceived", "context":{"id":"063968b8-7a02-4092-8c4d-e35db0ab2e17", "isDeleted:":"true", "version":"1698141591343"}}
{"logTime": "1026/171915", "correlationVector":"W0DZ6PfoxjdKR5q8yBg2A+.30","action":"GetUpdates", "result":"DeleteReceived", "context":{"id":"be885dc3-6d12-4a00-b09b-6cdeeccb4852", "isDeleted:":"true", "version":"1698141591345"}}
{"logTime": "1026/171915", "correlationVector":"W0DZ6PfoxjdKR5q8yBg2A+.31","action":"GetUpdates", "result":"DeleteReceived", "context":{"id":"1e18e8a2-4b80-4624-b7b6-01c8be48f83d", "isDeleted:":"true", "version":"1698148378049"}}
{"logTime": "1026/171915", "correlationVector":"W0DZ6PfoxjdKR5q8yBg2A+.32","action":"GetUpdates", "result":"DeleteReceived", "context":{"id":"9e79025a-ce6a-41d4-bd49-9d14bac094fc", "isDeleted:":"true", "version":"1698148485897"}}
{"logTime": "1026/171915", "correlationVector":"W0DZ6PfoxjdKR5q8yBg2A+.33","action":"GetUpdates", "result":"DeleteReceived", "context":{"id":"30929fe3-ea86-4470-b639-78a5af10b047", "isDeleted:":"true", "version":"1698259444116"}}
{"logTime": "1026/171915", "correlationVector":"W0DZ6PfoxjdKR5q8yBg2A+.34","action":"GetUpdates", "result":"DeleteReceived", "context":{"id":"57c12bb9-fe84-472c-92ca-1bad116a61f7", "isDeleted:":"true", "version":"1698259444117"}}
{"logTime": "1026/171915", "correlationVector":"W0DZ6PfoxjdKR5q8yBg2A+.35","action":"GetUpdates", "result":"DeleteReceived", "context":{"id":"32f74353-e5ad-4d92-8580-171535ba7b0c", "isDeleted:":"true", "version":"1698259444118"}}
{"logTime": "1026/171915", "correlationVector":"W0DZ6PfoxjdKR5q8yBg2A+.36","action":"GetUpdates Response", "result":"SYNCER_OK", "context":Received 57 update(s). cV=W0DZ6PfoxjdKR5q8yBg2A+.0;server=GENERAL0100000C;cloudType=Consumer;environment=Prod_SoutheastAsia_000j;migrationStage=NotStarted}
{"logTime": "1026/171915", "correlationVector":"+ffsK51rw5BetTATt3MniY","action":"Normal GetUpdate request", "result":"", "context":cV=+ffsK51rw5BetTATt3MniY
Nudged types: Bookmarks, Typed URLs, Sessions, Device Info
Refresh requested types: Bookmarks, Preferences, Passwords, Autofill Profiles, Autofill, Autofill Custom Data, Typed URLs, Extensions, Sessions, Extension settings, History Delete Directives, Device Info, User Consents, Send Tab To Self, Web Apps, Collection, Edge E Drop, Edge Hub App Usage, Edge Wallet, Encryption Keys}
{"logTime": "1026/171916", "correlationVector":"+ffsK51rw5BetTATt3MniY.1","action":"SyncServerConnectionManagerRequest", "result":"SYNC_SERVER_OK", "context":{"environment":"Prod_SoutheastAsia_000j", "migrationStage":"NotStarted", "server":"GENERAL0100001A"}}
{"logTime": "1026/171916", "correlationVector":"+ffsK51rw5BetTATt3MniY.2","action":"GetUpdates Response", "result":"SYNCER_OK", "context":Received 0 update(s). cV=+ffsK51rw5BetTATt3MniY.0;server=GENERAL0100001A;cloudType=Consumer;environment=Prod_SoutheastAsia_000j;migrationStage=NotStarted}
{"logTime": "1026/171916", "correlationVector":"kcU1smIQHR+Rt9TSIpft3U","action":"Commit Request", "result":"", "context":Item count: 1
Contributing types: Device Info}
{"logTime": "1026/171916", "correlationVector":"kcU1smIQHR+Rt9TSIpft3U.1","action":"SyncServerConnectionManagerRequest", "result":"SYNC_SERVER_OK", "context":{"environment":"Prod_SoutheastAsia_000j", "migrationStage":"NotStarted", "server":"GENERAL01000012"}}
{"logTime": "1026/171916", "correlationVector":"kcU1smIQHR+Rt9TSIpft3U.2","action":"Commit Response", "result":"SYNCER_OK", "context":Result: SYNCER_OK. cV=kcU1smIQHR+Rt9TSIpft3U.0;server=GENERAL01000012;cloudType=Consumer;environment=Prod_SoutheastAsia_000j;migrationStage=NotStarted}
{"logTime": "1026/171916", "correlationVector":"n61LroSH8DVR26hU2rIbZl","action":"Commit Request", "result":"", "context":Item count: 17
Contributing types: Bookmarks, Typed URLs, Sessions}
{"logTime": "1026/171918", "correlationVector":"n61LroSH8DVR26hU2rIbZl.1","action":"SyncServerConnectionManagerRequest", "result":"SYNC_SERVER_OK", "context":{"environment":"Prod_SoutheastAsia_000j", "migrationStage":"NotStarted", "server":"GENERAL0100000V"}}
{"logTime": "1026/171918", "correlationVector":"n61LroSH8DVR26hU2rIbZl.2","action":"Commit Response", "result":"SYNCER_OK", "context":Result: SYNCER_OK. cV=n61LroSH8DVR26hU2rIbZl.0;server=GENERAL0100000V;cloudType=Consumer;environment=Prod_SoutheastAsia_000j;migrationStage=NotStarted}
